2025-05-21T04:02:23.034+05:30  INFO 19564 --- [Logs] [main] lk.ijse.logs.LogsApplication             : Starting LogsApplication using Java 20.0.2 with PID 19564 (C:\Users\CHAMA COMPUTERS\IdeaProjects\MyWork\Logs\target\classes started by CHAMA COMPUTERS in C:\Users\CHAMA COMPUTERS\IdeaProjects\MyWork\Logs)
2025-05-21T04:02:23.036+05:30  INFO 19564 --- [Logs] [main] lk.ijse.logs.LogsApplication             : No active profile set, falling back to 1 default profile: "default"
2025-05-21T04:02:23.662+05:30  INFO 19564 --- [Logs] [main] o.s.b.w.embedded.tomcat.TomcatWebServer  : Tomcat initialized with port 8080 (http)
2025-05-21T04:02:23.676+05:30  INFO 19564 --- [Logs] [main] o.apache.catalina.core.StandardService   : Starting service [Tomcat]
2025-05-21T04:02:23.676+05:30  INFO 19564 --- [Logs] [main] o.apache.catalina.core.StandardEngine    : Starting Servlet engine: [Apache Tomcat/10.1.40]
2025-05-21T04:02:23.713+05:30  INFO 19564 --- [Logs] [main] o.a.c.c.C.[Tomcat].[localhost].[/]       : Initializing Spring embedded WebApplicationContext
2025-05-21T04:02:23.714+05:30  INFO 19564 --- [Logs] [main] w.s.c.ServletWebServerApplicationContext : Root WebApplicationContext: initialization completed in 640 ms
2025-05-21T04:02:23.977+05:30  INFO 19564 --- [Logs] [main] o.s.b.w.embedded.tomcat.TomcatWebServer  : Tomcat started on port 8080 (http) with context path '/'
2025-05-21T04:02:23.982+05:30  INFO 19564 --- [Logs] [main] lk.ijse.logs.LogsApplication             : Started LogsApplication in 1.353 seconds (process running for 1.93)
2025-05-21T04:04:38.712+05:30  INFO 19564 --- [Logs] [SpringApplicationShutdownHook] o.s.b.w.e.tomcat.GracefulShutdown        : Commencing graceful shutdown. Waiting for active requests to complete
2025-05-21T04:04:38.803+05:30  INFO 19564 --- [Logs] [tomcat-shutdown] o.s.b.w.e.tomcat.GracefulShutdown        : Graceful shutdown complete
2025-05-21T04:04:41.136+05:30  INFO 11344 --- [Logs] [main] lk.ijse.logs.LogsApplication             : Starting LogsApplication using Java 20.0.2 with PID 11344 (C:\Users\CHAMA COMPUTERS\IdeaProjects\MyWork\Logs\target\classes started by CHAMA COMPUTERS in C:\Users\CHAMA COMPUTERS\IdeaProjects\MyWork\Logs)
2025-05-21T04:04:41.138+05:30  INFO 11344 --- [Logs] [main] lk.ijse.logs.LogsApplication             : No active profile set, falling back to 1 default profile: "default"
2025-05-21T04:04:41.670+05:30  INFO 11344 --- [Logs] [main] o.s.b.w.embedded.tomcat.TomcatWebServer  : Tomcat initialized with port 8080 (http)
2025-05-21T04:04:41.681+05:30  INFO 11344 --- [Logs] [main] o.apache.catalina.core.StandardService   : Starting service [Tomcat]
2025-05-21T04:04:41.682+05:30  INFO 11344 --- [Logs] [main] o.apache.catalina.core.StandardEngine    : Starting Servlet engine: [Apache Tomcat/10.1.40]
2025-05-21T04:04:41.722+05:30  INFO 11344 --- [Logs] [main] o.a.c.c.C.[Tomcat].[localhost].[/]       : Initializing Spring embedded WebApplicationContext
2025-05-21T04:04:41.723+05:30  INFO 11344 --- [Logs] [main] w.s.c.ServletWebServerApplicationContext : Root WebApplicationContext: initialization completed in 551 ms
2025-05-21T04:04:41.981+05:30  INFO 11344 --- [Logs] [main] o.s.b.w.embedded.tomcat.TomcatWebServer  : Tomcat started on port 8080 (http) with context path '/'
2025-05-21T04:04:41.987+05:30  INFO 11344 --- [Logs] [main] lk.ijse.logs.LogsApplication             : Started LogsApplication in 1.145 seconds (process running for 1.567)
2025-05-21T04:08:51.247+05:30  INFO 11344 --- [Logs] [http-nio-8080-exec-1] o.a.c.c.C.[Tomcat].[localhost].[/]       : Initializing Spring DispatcherServlet 'dispatcherServlet'
2025-05-21T04:08:51.248+05:30  INFO 11344 --- [Logs] [http-nio-8080-exec-1] o.s.web.servlet.DispatcherServlet        : Initializing Servlet 'dispatcherServlet'
2025-05-21T04:08:51.249+05:30  INFO 11344 --- [Logs] [http-nio-8080-exec-1] o.s.web.servlet.DispatcherServlet        : Completed initialization in 1 ms
2025-05-21T04:08:57.513+05:30  INFO 11344 --- [Logs] [http-nio-8080-exec-3] lk.ijse.logs.api.LogController           : This is INFO log message
2025-05-21T04:08:57.514+05:30  WARN 11344 --- [Logs] [http-nio-8080-exec-3] lk.ijse.logs.api.LogController           : This is WARN log message
2025-05-21T04:08:57.514+05:30 ERROR 11344 --- [Logs] [http-nio-8080-exec-3] lk.ijse.logs.api.LogController           : This is ERROR log message
2025-05-21T04:08:57.514+05:30 ERROR 11344 --- [Logs] [http-nio-8080-exec-3] lk.ijse.logs.api.LogController           : This is number format error : For input string: "hello"
2025-05-21T04:09:51.645+05:30  INFO 11344 --- [Logs] [http-nio-8080-exec-5] lk.ijse.logs.api.LogController           : This is INFO log message
2025-05-21T04:09:51.645+05:30  WARN 11344 --- [Logs] [http-nio-8080-exec-5] lk.ijse.logs.api.LogController           : This is WARN log message
2025-05-21T04:09:51.645+05:30 ERROR 11344 --- [Logs] [http-nio-8080-exec-5] lk.ijse.logs.api.LogController           : This is ERROR log message
2025-05-21T04:09:51.646+05:30 ERROR 11344 --- [Logs] [http-nio-8080-exec-5] lk.ijse.logs.api.LogController           : This is number format error : For input string: "hello"
2025-05-21T04:23:00.842+05:30  INFO 9044 --- [Logs] [main] lk.ijse.logs.LogsApplicationTests        : Starting LogsApplicationTests using Java 20.0.2 with PID 9044 (started by CHAMA COMPUTERS in C:\Users\CHAMA COMPUTERS\IdeaProjects\MyWork\Logs)
2025-05-21T04:23:00.844+05:30  INFO 9044 --- [Logs] [main] lk.ijse.logs.LogsApplicationTests        : No active profile set, falling back to 1 default profile: "default"
2025-05-21T04:23:01.736+05:30  INFO 9044 --- [Logs] [main] lk.ijse.logs.LogsApplicationTests        : Started LogsApplicationTests in 1.138 seconds (process running for 1.873)
2025-05-21T04:33:42.160+05:30  INFO 11344 --- [Logs] [SpringApplicationShutdownHook] o.s.b.w.e.tomcat.GracefulShutdown        : Commencing graceful shutdown. Waiting for active requests to complete
2025-05-21T04:33:42.256+05:30  INFO 11344 --- [Logs] [tomcat-shutdown] o.s.b.w.e.tomcat.GracefulShutdown        : Graceful shutdown complete
